<?xml version="1.0" encoding="UTF-8"?>
<!-- Generated by org.testng.reporters.JUnitReportReporter -->
<testsuite hostname="QT-INBG-LT0267" failures="0" tests="3" name="SignUp.sign_up1" time="54.782" errors="0" timestamp="2022-07-21T18:48:58 IST" skipped="0">
  <testcase classname="SignUp.sign_up1" name="SignupPage" time="19.800"/>
  <system-out/>
  <testcase classname="SignUp.sign_up1" name="SignupPage" time="17.325"/>
  <system-out/>
  <testcase classname="SignUp.sign_up1" name="SignupPage" time="17.657"/>
  <system-out/>
</testsuite> <!-- SignUp.sign_up1 -->
