<?xml version="1.0" encoding="UTF-8"?>
<!-- Generated by org.testng.reporters.JUnitReportReporter -->
<testsuite hostname="QT-INBG-LT0267" failures="0" tests="1" name="SignUp.support" time="11.204" errors="0" timestamp="2022-07-21T18:48:58 IST" skipped="0">
  <testcase classname="SignUp.support" name="contactUS" time="11.204"/>
  <system-out/>
</testsuite> <!-- SignUp.support -->
