<?xml version="1.0" encoding="UTF-8"?>
<!-- Generated by org.testng.reporters.JUnitReportReporter -->
<testsuite hostname="QT-INBG-LT0267" failures="0" tests="1" name="SignUp.e_t_e" time="14.432" errors="0" timestamp="2022-07-21T18:48:58 IST" skipped="0">
  <testcase classname="SignUp.e_t_e" name="end" time="14.432"/>
  <system-out/>
</testsuite> <!-- SignUp.e_t_e -->
